{"G:\\React JS\\2_React JS Practice\\React_Food_App_Latest\\src\\components\\sum.js": {"path":"G:\\React JS\\2_React JS Practice\\React_Food_App_Latest\\src\\components\\sum.js","statementMap":{"0":{"start":{"line":2,"column":19},"end":{"line":4,"column":1}},"1":{"start":{"line":3,"column":2},"end":{"line":3,"column":15}}},"fnMap":{"0":{"name":"(anonymous_0)","decl":{"start":{"line":2,"column":19},"end":{"line":2,"column":20}},"loc":{"start":{"line":2,"column":29},"end":{"line":4,"column":1}},"line":2}},"branchMap":{},"s":{"0":1,"1":1},"f":{"0":1},"b":{},"_coverageSchema":"1a1c01bbd47fc00a2c39e90264f33305004495a9","hash":"1688145a87a0db85f2734871c9afae757c782b3e"}
}
